<?xml version="1.0" encoding="UTF-8"?>
<!-- Generated by org.testng.reporters.JUnitReportReporter -->
<testsuite skipped="0" hostname="PushpaRoyPC" name="Test1.AddcustomerTest" tests="1" failures="0" timestamp="23 Sep 2020 20:46:07 GMT" time="12.246" errors="0">
  <testcase name="ValidUserShouldBeAbleToAddCustomer" time="12.246" classname="Test1.AddcustomerTest"/>
</testsuite> <!-- Test1.AddcustomerTest -->
