<?xml version="1.0" encoding="UTF-8"?>
<!-- Generated by org.testng.reporters.JUnitReportReporter -->
<testsuite skipped="0" hostname="PushpaRoyPC" name="Test1.AddcustomerTest" tests="1" failures="0" timestamp="2020-10-28T20:28:43 CDT" time="18.311" errors="0">
  <testcase name="ValidUserShouldBeAbleToAddCustomer" time="18.311" classname="Test1.AddcustomerTest"/>
  <system-out/>
</testsuite> <!-- Test1.AddcustomerTest -->
