<?xml version="1.0" encoding="UTF-8"?>
<!-- Generated by org.testng.reporters.JUnitReportReporter -->
<testsuite skipped="0" hostname="PushpaRoyPC" name="Test1.Login" tests="1" failures="0" timestamp="23 Sep 2020 21:13:15 GMT" time="9.698" errors="0">
  <testcase name="ValidUserShouldBeAbleToLogin" time="9.698" classname="Test1.Login"/>
</testsuite> <!-- Test1.Login -->
