<?xml version="1.0" encoding="UTF-8"?>
<!-- Generated by org.testng.reporters.JUnitReportReporter -->
<testsuite skipped="0" hostname="PushpaRoyPC" name="Test1.AddcustomerTest" tests="1" failures="0" timestamp="28 Oct 2020 05:03:43 GMT" time="14.799" errors="0">
  <testcase name="ValidUserShouldBeAbleToAddCustomer" time="14.799" classname="Test1.AddcustomerTest"/>
</testsuite> <!-- Test1.AddcustomerTest -->
